2024/01/29 02:59:05 root.go:74: UTC: httplaunch
2024/01/29 04:59:05 root.go:74: UTC: {[] 0 0}
2024/01/29 02:59:31 root.go:74: UTC: httplaunch
2024/01/29 02:59:31 root.go:74: UTC: {[] 0 0}
2024/01/29 03:01:39 root.go:74: UTC: httplaunch
2024/01/29 03:01:39 root.go:74: UTC: {[] 0 0}
2024/01/29 03:02:12 root.go:74: UTC: httplaunch
2024/01/29 03:02:12 root.go:74: UTC: {[] 0 0}
2024/01/29 03:02:30 root.go:74: UTC: httplaunch
2024/01/29 03:02:30 root.go:74: UTC: {[] 0 0}
2024/01/29 14:26:05 root.go:74: UTC: httplaunch
2024/01/29 14:26:05 root.go:74: UTC: {[] 0 0}
2024/01/29 14:26:20 root.go:74: UTC: httplaunch
2024/01/29 14:26:20 root.go:74: UTC: {[] 0 0}
2024/01/29 14:28:03 root.go:74: UTC: httplaunch
2024/01/29 14:28:03 root.go:74: UTC: {[] 0 0}
2024/01/29 14:29:29 root.go:74: UTC: httplaunch
2024/01/29 14:29:29 root.go:74: UTC: {[] 0 0}
2024/01/29 14:29:46 root.go:74: UTC: httplaunch
2024/01/29 14:29:46 root.go:74: UTC: {[] 0 0}
2024/01/29 14:30:02 root.go:74: UTC: httplaunch
2024/01/29 14:30:02 root.go:74: UTC: {[] 0 0}
2024/02/01 18:01:58 root.go:74: UTC: unknown command "http" for "beaver"
2024/02/01 18:02:03 root.go:74: UTC: httplaunch
2024/02/01 18:02:03 root.go:74: UTC: Exec path not found
2024/02/23 18:02:03 root.go:74: UTC: Exec path not found
2024/03/16 22:05:43 root.go:20: UTC: main.py unauthorized access
2024/04/11 14:28:08 root.go:20: UTC: main.py unauthorized access
2024/04/11 14:41:05 root.go:20: UTC: yo main.py unauthorized access
2024/04/11 14:42:59 root.go:20: UTC: yo main.py unauthorized access
2024/04/11 14:43:03 root.go:20: UTC: yo main.py unauthorized access
2024/04/14 18:38:52 root.go:20: UTC: yo main.py unauthorized access
2024/04/17 20:41:22 root.go:74: UTC: http.go Exec path not found
2024/04/17 20:41:22 root.go:74: UTC: http.go Syntax error at line 3. There's space after = sign
2024/05/02 09:53:43 root.go:20: UTC: yo main.py unauthorized access
2024/05/02 09:54:23 root.go:20: UTC: yo main.py unauthorized access
2024/05/02 09:54:35 root.go:20: UTC: yo main.py unauthorized access
2024/05/03 07:01:38 root.go:20: UTC: yo main.py unauthorized access
2024/05/03 14:49:08 root.go:20: UTC: yo main.py unauthorized access
2024/05/03 15:02:22 root.go:20: UTC: yo main.py unauthorized access
2024/05/03 15:02:35 root.go:20: UTC: yo main.py unauthorized access
2024/05/03 15:07:23 root.go:20: UTC: yo main.py unauthorized access
2024/05/03 15:07:29 root.go:20: UTC: yo main.py unauthorized access
2024/05/03 15:14:59 root.go:20: UTC: yo main.py unauthorized access
2024/05/03 15:15:05 root.go:20: UTC: yo main.py unauthorized access
2024/05/03 15:15:09 root.go:20: UTC: yo main.py unauthorized access
2024/05/03 15:16:44 root.go:20: UTC: yo main.py unauthorized access
2024/05/03 15:20:13 root.go:20: UTC: yo main.py unauthorized access
2024/05/03 15:21:36 root.go:20: UTC: yo main.py unauthorized access
2024/05/04 08:18:28 root.go:20: UTC: main.py unauthorized access
2024/05/04 08:21:48 root.go:20: UTC: main.py unauthorized access
